2025-06-10 14:52:21,434 - semgrep.run_scan - DEBUG - semgrep version 1.2.0
2025-06-10 14:52:21,447 - semgrep.config_resolver - DEBUG - Loading local config from /home/runner/workspace/.config/.semgrep/semgrep_rules.json
2025-06-10 14:52:21,450 - semgrep.config_resolver - DEBUG - Done loading local config from /home/runner/workspace/.config/.semgrep/semgrep_rules.json
2025-06-10 14:52:21,456 - semgrep.config_resolver - DEBUG - Saving rules to /tmp/semgrep-w4ssl6ro.rules
2025-06-10 14:52:21,704 - semgrep.semgrep_core - DEBUG - Failed to open resource semgrep-core-proprietary: [Errno 2] No such file or directory: '/tmp/_MEI2VJyFJ/semgrep/bin/semgrep-core-proprietary'.
2025-06-10 14:52:22,251 - semgrep.rule_lang - DEBUG - semgrep-core validation response: valid=True
2025-06-10 14:52:22,252 - semgrep.rule_lang - DEBUG - semgrep-core validation succeeded
2025-06-10 14:52:22,252 - semgrep.rule_lang - DEBUG - RPC validation succeeded
2025-06-10 14:52:22,252 - semgrep.config_resolver - DEBUG - loaded 1 configs in 0.8050920963287354
2025-06-10 14:52:22,338 - semgrep.run_scan - VERBOSE - running 712 rules from 1 config /home/runner/workspace/.config/.semgrep/semgrep_rules.json_0
2025-06-10 14:52:22,339 - semgrep.run_scan - VERBOSE - No .semgrepignore found. Using default .semgrepignore rules. See the docs for the list of default ignores: https://semgrep.dev/docs/cli-usage/#ignore-files
2025-06-10 14:52:22,341 - semgrep.run_scan - VERBOSE - Rules:
2025-06-10 14:52:22,341 - semgrep.run_scan - VERBOSE - <SKIPPED DATA (too many entries; use --max-log-list-entries)>
2025-06-10 14:52:22,637 - semgrep.core_runner - DEBUG - Passing whole rules directly to semgrep_core
2025-06-10 14:52:22,780 - semgrep.core_runner - DEBUG - Running Semgrep engine with command:
2025-06-10 14:52:22,781 - semgrep.core_runner - DEBUG - /tmp/_MEI2VJyFJ/semgrep/bin/opengrep-core -json -rules /tmp/tmp8gkglml6.json -j 8 -targets /tmp/tmpk340h_um -timeout 5 -timeout_threshold 3 -max_memory 0 -fast
2025-06-10 14:52:27,785 - semgrep.core_runner - DEBUG - --- semgrep-core stderr ---
[00.11][[34mINFO[0m]: Executed as: /tmp/_MEIVo4xdt/semgrep/bin/opengrep-core -json -rules /tmp/tmp7u_jyeed.json -j 8 -targets /tmp/tmpb1owc2bs -timeout 5 -timeout_threshold 3 -max_memory 0 -fast
[00.11][[34mINFO[0m]: Version: 1.2.0
[00.11][[34mINFO[0m]: Parsing rules in /tmp/tmp7u_jyeed.json
[00.67][[34mINFO[0m]: scan: processing 138 files (skipping 0), with 712 rules (skipping 0 )
[05.05][[34mINFO[0m]: Custom ignore pattern: None
[05.05][[34mINFO[0m]: Custom ignore pattern: None
--- end semgrep-core stderr ---
2025-06-10 14:52:27,791 - semgrep.rule_match - DEBUG - match_key = ('', PosixPath('main.py'), 'config..semgrep.vendored-rules.python.flask.security.audit.avoid_app_run_with_bad_host') match_id = f5a1d78d28043340433dedc0a20165e63b50d9aa4305aede97be74105c8207b5b89db08fa6703decc4ec27aafa081254be07d38814f40c19f447cf4721551845_0
2025-06-10 14:52:27,792 - semgrep.rule_match - DEBUG - match_key = ('app.run(..., "0.0.0.0", ...) app.run(..., host="0.0.0.0", ...)', PosixPath('main.py'), 'config..semgrep.vendored-rules.python.flask.security.audit.avoid_app_run_with_bad_host') match_id = 5c1cbbc54bfaa7420b881ae9f997ad4b5ed5aa16b127a74e037d220112ac891aa501638c0e19641f765822573b5e6f14657485c6b72c0846fdec9bc63200dc57_0
2025-06-10 14:52:27,792 - semgrep.rule_match - DEBUG - match_key = ('app.run(..., "0.0.0.0", ...) app.run(..., host="0.0.0.0", ...)', PosixPath('main.py'), 'config..semgrep.vendored-rules.python.flask.security.audit.avoid_app_run_with_bad_host') match_id = 5c1cbbc54bfaa7420b881ae9f997ad4b5ed5aa16b127a74e037d220112ac891aa501638c0e19641f765822573b5e6f14657485c6b72c0846fdec9bc63200dc57_0
2025-06-10 14:52:27,793 - semgrep.rule_match - DEBUG - match_key = ('app.run(..., "0.0.0.0", ...) app.run(..., host="0.0.0.0", ...)', PosixPath('main.py'), 'config..semgrep.vendored-rules.python.flask.security.audit.avoid_app_run_with_bad_host') match_id = 5c1cbbc54bfaa7420b881ae9f997ad4b5ed5aa16b127a74e037d220112ac891aa501638c0e19641f765822573b5e6f14657485c6b72c0846fdec9bc63200dc57_0
2025-06-10 14:52:27,794 - semgrep.rule_match - DEBUG - match_key = ('', PosixPath('templates/base.html'), 'config..semgrep.vendored-rules.html.security.audit.missing-integrity') match_id = b6738baed7759a04b726eaaff7e69cad70ab6cb23e6f36fc8c04a281dc4b99f28e27704d89459363eb1b5bd772800ed367e2a70853de276cc1f28e7cca5151c5_0
2025-06-10 14:52:27,794 - semgrep.rule_match - DEBUG - match_key = (' href="https://cdn.replit.com/agent/bootstrap-agent-dark-theme.min.css" rel="stylesheet" (?is).*integrity= (google-analytics\\.com|fonts\\.googleapis\\.com|fonts\\.gstatic\\.com|googletagmanager\\.com) .*rel\\s*=\\s*[\'"]?preconnect.* href="... :// ..." href="//..." href=\'... :// ...\' href=\'//...\' src="... :// ..." src="//..." src=\'... :// ...\' src=\'//...\' <link  href="https://cdn.replit.com/agent/bootstrap-agent-dark-theme.min.css" rel="stylesheet" > <script  href="https://cdn.replit.com/agent/bootstrap-agent-dark-theme.min.css" rel="stylesheet" >...</script>', PosixPath('templates/base.html'), 'config..semgrep.vendored-rules.html.security.audit.missing-integrity') match_id = 99ba74761cc88b199c4b2ffd4626d8a8f7ac4076cc8131baeaca9ba23b148669b10fa50425a60cd89825a5b23e13385e99e962c6fa14e5bf2a94e429e28c6962_0
2025-06-10 14:52:27,795 - semgrep.rule_match - DEBUG - match_key = (' href="https://cdn.replit.com/agent/bootstrap-agent-dark-theme.min.css" rel="stylesheet" (?is).*integrity= (google-analytics\\.com|fonts\\.googleapis\\.com|fonts\\.gstatic\\.com|googletagmanager\\.com) .*rel\\s*=\\s*[\'"]?preconnect.* href="... :// ..." href="//..." href=\'... :// ...\' href=\'//...\' src="... :// ..." src="//..." src=\'... :// ...\' src=\'//...\' <link  href="https://cdn.replit.com/agent/bootstrap-agent-dark-theme.min.css" rel="stylesheet" > <script  href="https://cdn.replit.com/agent/bootstrap-agent-dark-theme.min.css" rel="stylesheet" >...</script>', PosixPath('templates/base.html'), 'config..semgrep.vendored-rules.html.security.audit.missing-integrity') match_id = 99ba74761cc88b199c4b2ffd4626d8a8f7ac4076cc8131baeaca9ba23b148669b10fa50425a60cd89825a5b23e13385e99e962c6fa14e5bf2a94e429e28c6962_0
2025-06-10 14:52:27,795 - semgrep.rule_match - DEBUG - match_key = (' href="https://cdn.replit.com/agent/bootstrap-agent-dark-theme.min.css" rel="stylesheet" (?is).*integrity= (google-analytics\\.com|fonts\\.googleapis\\.com|fonts\\.gstatic\\.com|googletagmanager\\.com) .*rel\\s*=\\s*[\'"]?preconnect.* href="... :// ..." href="//..." href=\'... :// ...\' href=\'//...\' src="... :// ..." src="//..." src=\'... :// ...\' src=\'//...\' <link  href="https://cdn.replit.com/agent/bootstrap-agent-dark-theme.min.css" rel="stylesheet" > <script  href="https://cdn.replit.com/agent/bootstrap-agent-dark-theme.min.css" rel="stylesheet" >...</script>', PosixPath('templates/base.html'), 'config..semgrep.vendored-rules.html.security.audit.missing-integrity') match_id = 99ba74761cc88b199c4b2ffd4626d8a8f7ac4076cc8131baeaca9ba23b148669b10fa50425a60cd89825a5b23e13385e99e962c6fa14e5bf2a94e429e28c6962_0
2025-06-10 14:52:27,796 - semgrep.rule_match - DEBUG - match_key = ('', PosixPath('templates/base.html'), 'config..semgrep.vendored-rules.html.security.audit.missing-integrity') match_id = b6738baed7759a04b726eaaff7e69cad70ab6cb23e6f36fc8c04a281dc4b99f28e27704d89459363eb1b5bd772800ed367e2a70853de276cc1f28e7cca5151c5_0
2025-06-10 14:52:27,796 - semgrep.rule_match - DEBUG - match_key = (' rel="stylesheet" href="https://cdnjs.cloudflare.com/ajax/libs/font-awesome/6.4.0/css/all.min.css" (?is).*integrity= (google-analytics\\.com|fonts\\.googleapis\\.com|fonts\\.gstatic\\.com|googletagmanager\\.com) .*rel\\s*=\\s*[\'"]?preconnect.* href="... :// ..." href="//..." href=\'... :// ...\' href=\'//...\' src="... :// ..." src="//..." src=\'... :// ...\' src=\'//...\' <link  rel="stylesheet" href="https://cdnjs.cloudflare.com/ajax/libs/font-awesome/6.4.0/css/all.min.css" > <script  rel="stylesheet" href="https://cdnjs.cloudflare.com/ajax/libs/font-awesome/6.4.0/css/all.min.css" >...</script>', PosixPath('templates/base.html'), 'config..semgrep.vendored-rules.html.security.audit.missing-integrity') match_id = 144123ac5c6d38ce76568be3914e5a135efc267529166f97b6fc14b7e8a6089383cb3d07097c44aa7760f4e0a5f5cc899ec36041d0cda8d5bc769681f1903771_0
2025-06-10 14:52:27,797 - semgrep.rule_match - DEBUG - match_key = (' rel="stylesheet" href="https://cdnjs.cloudflare.com/ajax/libs/font-awesome/6.4.0/css/all.min.css" (?is).*integrity= (google-analytics\\.com|fonts\\.googleapis\\.com|fonts\\.gstatic\\.com|googletagmanager\\.com) .*rel\\s*=\\s*[\'"]?preconnect.* href="... :// ..." href="//..." href=\'... :// ...\' href=\'//...\' src="... :// ..." src="//..." src=\'... :// ...\' src=\'//...\' <link  rel="stylesheet" href="https://cdnjs.cloudflare.com/ajax/libs/font-awesome/6.4.0/css/all.min.css" > <script  rel="stylesheet" href="https://cdnjs.cloudflare.com/ajax/libs/font-awesome/6.4.0/css/all.min.css" >...</script>', PosixPath('templates/base.html'), 'config..semgrep.vendored-rules.html.security.audit.missing-integrity') match_id = 144123ac5c6d38ce76568be3914e5a135efc267529166f97b6fc14b7e8a6089383cb3d07097c44aa7760f4e0a5f5cc899ec36041d0cda8d5bc769681f1903771_0
2025-06-10 14:52:27,797 - semgrep.rule_match - DEBUG - match_key = (' rel="stylesheet" href="https://cdnjs.cloudflare.com/ajax/libs/font-awesome/6.4.0/css/all.min.css" (?is).*integrity= (google-analytics\\.com|fonts\\.googleapis\\.com|fonts\\.gstatic\\.com|googletagmanager\\.com) .*rel\\s*=\\s*[\'"]?preconnect.* href="... :// ..." href="//..." href=\'... :// ...\' href=\'//...\' src="... :// ..." src="//..." src=\'... :// ...\' src=\'//...\' <link  rel="stylesheet" href="https://cdnjs.cloudflare.com/ajax/libs/font-awesome/6.4.0/css/all.min.css" > <script  rel="stylesheet" href="https://cdnjs.cloudflare.com/ajax/libs/font-awesome/6.4.0/css/all.min.css" >...</script>', PosixPath('templates/base.html'), 'config..semgrep.vendored-rules.html.security.audit.missing-integrity') match_id = 144123ac5c6d38ce76568be3914e5a135efc267529166f97b6fc14b7e8a6089383cb3d07097c44aa7760f4e0a5f5cc899ec36041d0cda8d5bc769681f1903771_0
2025-06-10 14:52:27,798 - semgrep.rule_match - DEBUG - match_key = ('', PosixPath('templates/base.html'), 'config..semgrep.vendored-rules.html.security.audit.missing-integrity') match_id = b6738baed7759a04b726eaaff7e69cad70ab6cb23e6f36fc8c04a281dc4b99f28e27704d89459363eb1b5bd772800ed367e2a70853de276cc1f28e7cca5151c5_0
2025-06-10 14:52:27,798 - semgrep.rule_match - DEBUG - match_key = (' src="https://cdn.jsdelivr.net/npm/bootstrap@5.3.0/dist/js/bootstrap.bundle.min.js" (?is).*integrity= (google-analytics\\.com|fonts\\.googleapis\\.com|fonts\\.gstatic\\.com|googletagmanager\\.com) .*rel\\s*=\\s*[\'"]?preconnect.* href="... :// ..." href="//..." href=\'... :// ...\' href=\'//...\' src="... :// ..." src="//..." src=\'... :// ...\' src=\'//...\' <link  src="https://cdn.jsdelivr.net/npm/bootstrap@5.3.0/dist/js/bootstrap.bundle.min.js" > <script  src="https://cdn.jsdelivr.net/npm/bootstrap@5.3.0/dist/js/bootstrap.bundle.min.js" >...</script>', PosixPath('templates/base.html'), 'config..semgrep.vendored-rules.html.security.audit.missing-integrity') match_id = ccf2a5618405aa65d20e9f14f7e070245edf477a44ebd15c339d2006a46780ed729dc0a4f58182deda6e7a0bcdece48b09eb7b093c16e481308ea4c348f00281_0
2025-06-10 14:52:27,799 - semgrep.rule_match - DEBUG - match_key = (' src="https://cdn.jsdelivr.net/npm/bootstrap@5.3.0/dist/js/bootstrap.bundle.min.js" (?is).*integrity= (google-analytics\\.com|fonts\\.googleapis\\.com|fonts\\.gstatic\\.com|googletagmanager\\.com) .*rel\\s*=\\s*[\'"]?preconnect.* href="... :// ..." href="//..." href=\'... :// ...\' href=\'//...\' src="... :// ..." src="//..." src=\'... :// ...\' src=\'//...\' <link  src="https://cdn.jsdelivr.net/npm/bootstrap@5.3.0/dist/js/bootstrap.bundle.min.js" > <script  src="https://cdn.jsdelivr.net/npm/bootstrap@5.3.0/dist/js/bootstrap.bundle.min.js" >...</script>', PosixPath('templates/base.html'), 'config..semgrep.vendored-rules.html.security.audit.missing-integrity') match_id = ccf2a5618405aa65d20e9f14f7e070245edf477a44ebd15c339d2006a46780ed729dc0a4f58182deda6e7a0bcdece48b09eb7b093c16e481308ea4c348f00281_0
2025-06-10 14:52:27,799 - semgrep.rule_match - DEBUG - match_key = (' src="https://cdn.jsdelivr.net/npm/bootstrap@5.3.0/dist/js/bootstrap.bundle.min.js" (?is).*integrity= (google-analytics\\.com|fonts\\.googleapis\\.com|fonts\\.gstatic\\.com|googletagmanager\\.com) .*rel\\s*=\\s*[\'"]?preconnect.* href="... :// ..." href="//..." href=\'... :// ...\' href=\'//...\' src="... :// ..." src="//..." src=\'... :// ...\' src=\'//...\' <link  src="https://cdn.jsdelivr.net/npm/bootstrap@5.3.0/dist/js/bootstrap.bundle.min.js" > <script  src="https://cdn.jsdelivr.net/npm/bootstrap@5.3.0/dist/js/bootstrap.bundle.min.js" >...</script>', PosixPath('templates/base.html'), 'config..semgrep.vendored-rules.html.security.audit.missing-integrity') match_id = ccf2a5618405aa65d20e9f14f7e070245edf477a44ebd15c339d2006a46780ed729dc0a4f58182deda6e7a0bcdece48b09eb7b093c16e481308ea4c348f00281_0
2025-06-10 14:52:27,800 - semgrep.rule_match - DEBUG - match_key = ('', PosixPath('templates/base.html'), 'config..semgrep.vendored-rules.javascript.express.security.audit.xss.mustache.var-in-script-tag') match_id = f8aa57369276825bf517534a86c2d85f1632e1e3aef64c24b2676a400bd96afcc612399723388d0f2025cf2b5b17b5f8d9d7c499bdfdc9a7fcd861f8aafe12b5_0
2025-06-10 14:52:27,800 - semgrep.rule_match - DEBUG - match_key = ('<script ...> ... </script> {{ ... }}', PosixPath('templates/base.html'), 'config..semgrep.vendored-rules.javascript.express.security.audit.xss.mustache.var-in-script-tag') match_id = 222c09c230093233e6db3b14ca1dec3c4148ccdbd347fe61c99519f77dd812b52d57fefb73c757411635f16a06489a349834457910d9355ba3b0adf0aca06bfe_0
2025-06-10 14:52:27,801 - semgrep.rule_match - DEBUG - match_key = ('<script ...> ... </script> {{ ... }}', PosixPath('templates/base.html'), 'config..semgrep.vendored-rules.javascript.express.security.audit.xss.mustache.var-in-script-tag') match_id = 222c09c230093233e6db3b14ca1dec3c4148ccdbd347fe61c99519f77dd812b52d57fefb73c757411635f16a06489a349834457910d9355ba3b0adf0aca06bfe_0
2025-06-10 14:52:27,801 - semgrep.rule_match - DEBUG - match_key = ('<script ...> ... </script> {{ ... }}', PosixPath('templates/base.html'), 'config..semgrep.vendored-rules.javascript.express.security.audit.xss.mustache.var-in-script-tag') match_id = 222c09c230093233e6db3b14ca1dec3c4148ccdbd347fe61c99519f77dd812b52d57fefb73c757411635f16a06489a349834457910d9355ba3b0adf0aca06bfe_0
2025-06-10 14:52:27,803 - semgrep.core_runner - DEBUG - semgrep ran in 0:00:05.288757 on 52 files
2025-06-10 14:52:27,804 - semgrep.core_runner - DEBUG - findings summary: 5 warning, 0 error, 0 info
2025-06-10 14:52:27,806 - semgrep.app.auth - DEBUG - Getting API token from settings file
2025-06-10 14:52:27,806 - semgrep.app.auth - DEBUG - No API token found in settings file
2025-06-10 14:52:27,807 - semgrep.semgrep_core - DEBUG - Failed to open resource semgrep-core-proprietary: [Errno 2] No such file or directory: '/tmp/_MEIVo4xdt/semgrep/bin/semgrep-core-proprietary'.
2025-06-10 14:52:27,928 - semgrep.output - VERBOSE - 
========================================
Files skipped:
========================================

  Always skipped by Opengrep:

   • <none>

  Skipped by .gitignore:
  (Disable by passing --no-git-ignore)

   • <all files not listed by `git ls-files` were skipped>

  Skipped by .semgrepignore:
  - https://semgrep.dev/docs/ignoring-files-folders-code/#understand-semgrep-defaults

   • <none>

  Skipped by --include patterns:

   • <none>

  Skipped by --exclude patterns:

   • <none>

  Files skipped due to insufficient read permissions:

   • <none>

  Skipped by limiting to files smaller than 1000000 bytes:
  (Adjust with the --max-target-bytes flag)

   • <none>

  Partially analyzed due to parsing or internal Opengrep errors

   • <none>

2025-06-10 14:52:27,929 - semgrep.output - INFO - Some files were skipped or only partially analyzed.
  Scan was limited to files tracked by git.

Ran 692 rules on 52 files: 5 findings.
2025-06-10 14:52:27,930 - semgrep.app.version - DEBUG - Version cache does not exist
2025-06-10 14:52:27,944 - semgrep.metrics - VERBOSE - Not sending pseudonymous metrics since metrics are configured to OFF and registry usage is False
